<?xml version="1.0" encoding="UTF-8"?>
<testsuite name="TaskTest" tests="1" skipped="0" failures="0" errors="0" timestamp="2024-07-17T13:58:39" hostname="LAPTOP-JKAB9HT6" time="0.049">
  <properties/>
  <testcase name="testGettersAndSetters()" classname="TaskTest" time="0.049"/>
  <system-out><![CDATA[]]></system-out>
  <system-err><![CDATA[]]></system-err>
</testsuite>
